{"G:\\Web_Design\\Second Module\\Second Week\\ToDoList\\src\\modules\\sum.js": {"path":"G:\\Web_Design\\Second Module\\Second Week\\ToDoList\\src\\modules\\sum.js","statementMap":{"0":{"start":{"line":2,"column":4},"end":{"line":2,"column":15}}},"fnMap":{"0":{"name":"add","decl":{"start":{"line":1,"column":24},"end":{"line":1,"column":27}},"loc":{"start":{"line":1,"column":34},"end":{"line":3,"column":1}},"line":1}},"branchMap":{},"s":{"0":1},"f":{"0":1},"b":{},"_coverageSchema":"1a1c01bbd47fc00a2c39e90264f33305004495a9","hash":"80c391046c78b39af25a4874739b4c2ceb723bad"}
,"G:\\Web_Design\\Second Module\\Second Week\\ToDoList\\src\\modules\\task.js": {"path":"G:\\Web_Design\\Second Module\\Second Week\\ToDoList\\src\\modules\\task.js","statementMap":{"0":{"start":{"line":4,"column":27},"end":{"line":7,"column":1}},"1":{"start":{"line":5,"column":18},"end":{"line":5,"column":42}},"2":{"start":{"line":6,"column":2},"end":{"line":6,"column":44}},"3":{"start":{"line":9,"column":28},"end":{"line":19,"column":1}},"4":{"start":{"line":12,"column":2},"end":{"line":16,"column":3}},"5":{"start":{"line":13,"column":4},"end":{"line":13,"column":18}},"6":{"start":{"line":15,"column":4},"end":{"line":15,"column":60}},"7":{"start":{"line":18,"column":2},"end":{"line":18,"column":18}},"8":{"start":{"line":21,"column":20},"end":{"line":25,"column":1}},"9":{"start":{"line":22,"column":2},"end":{"line":24,"column":5}},"10":{"start":{"line":23,"column":4},"end":{"line":23,"column":26}},"11":{"start":{"line":27,"column":17},"end":{"line":35,"column":1}},"12":{"start":{"line":28,"column":17},"end":{"line":28,"column":42}},"13":{"start":{"line":29,"column":23},"end":{"line":29,"column":35}},"14":{"start":{"line":31,"column":2},"end":{"line":31,"column":68}},"15":{"start":{"line":31,"column":42},"end":{"line":31,"column":66}},"16":{"start":{"line":33,"column":2},"end":{"line":33,"column":28}},"17":{"start":{"line":34,"column":2},"end":{"line":34,"column":35}},"18":{"start":{"line":37,"column":20},"end":{"line":49,"column":1}},"19":{"start":{"line":38,"column":19},"end":{"line":38,"column":44}},"20":{"start":{"line":39,"column":26},"end":{"line":39,"column":38}},"21":{"start":{"line":41,"column":2},"end":{"line":45,"column":5}},"22":{"start":{"line":42,"column":4},"end":{"line":44,"column":5}},"23":{"start":{"line":43,"column":6},"end":{"line":43,"column":43}},"24":{"start":{"line":47,"column":2},"end":{"line":47,"column":35}},"25":{"start":{"line":48,"column":2},"end":{"line":48,"column":26}},"26":{"start":{"line":51,"column":20},"end":{"line":63,"column":1}},"27":{"start":{"line":52,"column":2},"end":{"line":62,"column":6}},"28":{"start":{"line":52,"column":63},"end":{"line":62,"column":4}},"29":{"start":{"line":53,"column":4},"end":{"line":53,"column":27}},"30":{"start":{"line":55,"column":4},"end":{"line":59,"column":5}},"31":{"start":{"line":56,"column":6},"end":{"line":56,"column":25}},"32":{"start":{"line":58,"column":6},"end":{"line":58,"column":13}},"33":{"start":{"line":60,"column":4},"end":{"line":60,"column":21}},"34":{"start":{"line":61,"column":4},"end":{"line":61,"column":28}},"35":{"start":{"line":65,"column":18},"end":{"line":75,"column":1}},"36":{"start":{"line":66,"column":19},"end":{"line":66,"column":44}},"37":{"start":{"line":67,"column":24},"end":{"line":67,"column":36}},"38":{"start":{"line":69,"column":2},"end":{"line":69,"column":69}},"39":{"start":{"line":70,"column":24},"end":{"line":70,"column":68}},"40":{"start":{"line":71,"column":2},"end":{"line":71,"column":50}},"41":{"start":{"line":72,"column":2},"end":{"line":72,"column":39}},"42":{"start":{"line":73,"column":2},"end":{"line":73,"column":70}},"43":{"start":{"line":74,"column":2},"end":{"line":74,"column":24}},"44":{"start":{"line":77,"column":21},"end":{"line":89,"column":1}},"45":{"start":{"line":78,"column":2},"end":{"line":88,"column":6}},"46":{"start":{"line":78,"column":62},"end":{"line":88,"column":4}},"47":{"start":{"line":79,"column":4},"end":{"line":79,"column":27}},"48":{"start":{"line":81,"column":4},"end":{"line":85,"column":5}},"49":{"start":{"line":82,"column":6},"end":{"line":82,"column":25}},"50":{"start":{"line":84,"column":6},"end":{"line":84,"column":13}},"51":{"start":{"line":87,"column":4},"end":{"line":87,"column":22}},"52":{"start":{"line":91,"column":28},"end":{"line":102,"column":1}},"53":{"start":{"line":92,"column":2},"end":{"line":101,"column":6}},"54":{"start":{"line":92,"column":61},"end":{"line":101,"column":4}},"55":{"start":{"line":93,"column":4},"end":{"line":93,"column":27}},"56":{"start":{"line":95,"column":4},"end":{"line":99,"column":5}},"57":{"start":{"line":96,"column":6},"end":{"line":96,"column":26}},"58":{"start":{"line":98,"column":6},"end":{"line":98,"column":13}},"59":{"start":{"line":100,"column":4},"end":{"line":100,"column":22}},"60":{"start":{"line":104,"column":26},"end":{"line":118,"column":1}},"61":{"start":{"line":105,"column":14},"end":{"line":105,"column":43}},"62":{"start":{"line":106,"column":2},"end":{"line":106,"column":31}},"63":{"start":{"line":107,"column":2},"end":{"line":115,"column":8}},"64":{"start":{"line":117,"column":2},"end":{"line":117,"column":13}},"65":{"start":{"line":120,"column":26},"end":{"line":141,"column":1}},"66":{"start":{"line":121,"column":19},"end":{"line":121,"column":44}},"67":{"start":{"line":122,"column":2},"end":{"line":122,"column":67}},"68":{"start":{"line":123,"column":2},"end":{"line":134,"column":5}},"69":{"start":{"line":126,"column":4},"end":{"line":132,"column":5}},"70":{"start":{"line":127,"column":6},"end":{"line":127,"column":31}},"71":{"start":{"line":128,"column":6},"end":{"line":128,"column":32}},"72":{"start":{"line":130,"column":6},"end":{"line":130,"column":24}},"73":{"start":{"line":131,"column":6},"end":{"line":131,"column":23}},"74":{"start":{"line":133,"column":4},"end":{"line":133,"column":120}},"75":{"start":{"line":135,"column":2},"end":{"line":135,"column":20}},"76":{"start":{"line":136,"column":2},"end":{"line":136,"column":21}},"77":{"start":{"line":137,"column":2},"end":{"line":137,"column":28}},"78":{"start":{"line":139,"column":16},"end":{"line":139,"column":39}},"79":{"start":{"line":140,"column":2},"end":{"line":140,"column":32}},"80":{"start":{"line":143,"column":17},"end":{"line":151,"column":1}},"81":{"start":{"line":144,"column":19},"end":{"line":144,"column":44}},"82":{"start":{"line":145,"column":16},"end":{"line":145,"column":35}},"83":{"start":{"line":146,"column":25},"end":{"line":146,"column":57}},"84":{"start":{"line":148,"column":2},"end":{"line":148,"column":32}},"85":{"start":{"line":149,"column":2},"end":{"line":149,"column":35}},"86":{"start":{"line":150,"column":2},"end":{"line":150,"column":26}}},"fnMap":{"0":{"name":"(anonymous_0)","decl":{"start":{"line":4,"column":27},"end":{"line":4,"column":28}},"loc":{"start":{"line":4,"column":41},"end":{"line":7,"column":1}},"line":4},"1":{"name":"(anonymous_1)","decl":{"start":{"line":9,"column":28},"end":{"line":9,"column":29}},"loc":{"start":{"line":9,"column":34},"end":{"line":19,"column":1}},"line":9},"2":{"name":"(anonymous_2)","decl":{"start":{"line":21,"column":20},"end":{"line":21,"column":21}},"loc":{"start":{"line":21,"column":34},"end":{"line":25,"column":1}},"line":21},"3":{"name":"(anonymous_3)","decl":{"start":{"line":22,"column":19},"end":{"line":22,"column":20}},"loc":{"start":{"line":22,"column":35},"end":{"line":24,"column":3}},"line":22},"4":{"name":"(anonymous_4)","decl":{"start":{"line":27,"column":17},"end":{"line":27,"column":18}},"loc":{"start":{"line":27,"column":25},"end":{"line":35,"column":1}},"line":27},"5":{"name":"(anonymous_5)","decl":{"start":{"line":31,"column":29},"end":{"line":31,"column":30}},"loc":{"start":{"line":31,"column":42},"end":{"line":31,"column":66}},"line":31},"6":{"name":"(anonymous_6)","decl":{"start":{"line":37,"column":20},"end":{"line":37,"column":21}},"loc":{"start":{"line":37,"column":44},"end":{"line":49,"column":1}},"line":37},"7":{"name":"(anonymous_7)","decl":{"start":{"line":41,"column":19},"end":{"line":41,"column":20}},"loc":{"start":{"line":41,"column":32},"end":{"line":45,"column":3}},"line":41},"8":{"name":"(anonymous_8)","decl":{"start":{"line":51,"column":20},"end":{"line":51,"column":21}},"loc":{"start":{"line":51,"column":26},"end":{"line":63,"column":1}},"line":51},"9":{"name":"(anonymous_9)","decl":{"start":{"line":52,"column":51},"end":{"line":52,"column":52}},"loc":{"start":{"line":52,"column":63},"end":{"line":62,"column":4}},"line":52},"10":{"name":"(anonymous_10)","decl":{"start":{"line":52,"column":96},"end":{"line":52,"column":97}},"loc":{"start":{"line":52,"column":107},"end":{"line":62,"column":3}},"line":52},"11":{"name":"(anonymous_11)","decl":{"start":{"line":65,"column":18},"end":{"line":65,"column":19}},"loc":{"start":{"line":65,"column":26},"end":{"line":75,"column":1}},"line":65},"12":{"name":"(anonymous_12)","decl":{"start":{"line":77,"column":21},"end":{"line":77,"column":22}},"loc":{"start":{"line":77,"column":27},"end":{"line":89,"column":1}},"line":77},"13":{"name":"(anonymous_13)","decl":{"start":{"line":78,"column":50},"end":{"line":78,"column":51}},"loc":{"start":{"line":78,"column":62},"end":{"line":88,"column":4}},"line":78},"14":{"name":"(anonymous_14)","decl":{"start":{"line":78,"column":95},"end":{"line":78,"column":96}},"loc":{"start":{"line":78,"column":106},"end":{"line":88,"column":3}},"line":78},"15":{"name":"(anonymous_15)","decl":{"start":{"line":91,"column":28},"end":{"line":91,"column":29}},"loc":{"start":{"line":91,"column":34},"end":{"line":102,"column":1}},"line":91},"16":{"name":"(anonymous_16)","decl":{"start":{"line":92,"column":48},"end":{"line":92,"column":49}},"loc":{"start":{"line":92,"column":61},"end":{"line":101,"column":4}},"line":92},"17":{"name":"(anonymous_17)","decl":{"start":{"line":92,"column":98},"end":{"line":92,"column":99}},"loc":{"start":{"line":92,"column":109},"end":{"line":101,"column":3}},"line":92},"18":{"name":"(anonymous_18)","decl":{"start":{"line":104,"column":26},"end":{"line":104,"column":27}},"loc":{"start":{"line":104,"column":81},"end":{"line":118,"column":1}},"line":104},"19":{"name":"(anonymous_19)","decl":{"start":{"line":120,"column":26},"end":{"line":120,"column":27}},"loc":{"start":{"line":120,"column":32},"end":{"line":141,"column":1}},"line":120},"20":{"name":"(anonymous_20)","decl":{"start":{"line":123,"column":19},"end":{"line":123,"column":20}},"loc":{"start":{"line":123,"column":32},"end":{"line":134,"column":3}},"line":123},"21":{"name":"(anonymous_21)","decl":{"start":{"line":143,"column":17},"end":{"line":143,"column":18}},"loc":{"start":{"line":143,"column":34},"end":{"line":151,"column":1}},"line":143}},"branchMap":{"0":{"loc":{"start":{"line":12,"column":2},"end":{"line":16,"column":3}},"type":"if","locations":[{"start":{"line":12,"column":2},"end":{"line":16,"column":3}},{"start":{"line":14,"column":9},"end":{"line":16,"column":3}}],"line":12},"1":{"loc":{"start":{"line":42,"column":4},"end":{"line":44,"column":5}},"type":"if","locations":[{"start":{"line":42,"column":4},"end":{"line":44,"column":5}},{"start":{},"end":{}}],"line":42},"2":{"loc":{"start":{"line":55,"column":4},"end":{"line":59,"column":5}},"type":"if","locations":[{"start":{"line":55,"column":4},"end":{"line":59,"column":5}},{"start":{"line":57,"column":11},"end":{"line":59,"column":5}}],"line":55},"3":{"loc":{"start":{"line":81,"column":4},"end":{"line":85,"column":5}},"type":"if","locations":[{"start":{"line":81,"column":4},"end":{"line":85,"column":5}},{"start":{"line":83,"column":11},"end":{"line":85,"column":5}}],"line":81},"4":{"loc":{"start":{"line":95,"column":4},"end":{"line":99,"column":5}},"type":"if","locations":[{"start":{"line":95,"column":4},"end":{"line":99,"column":5}},{"start":{"line":97,"column":11},"end":{"line":99,"column":5}}],"line":95},"5":{"loc":{"start":{"line":126,"column":4},"end":{"line":132,"column":5}},"type":"if","locations":[{"start":{"line":126,"column":4},"end":{"line":132,"column":5}},{"start":{"line":129,"column":11},"end":{"line":132,"column":5}}],"line":126}},"s":{"0":1,"1":5,"2":5,"3":1,"4":10,"5":3,"6":7,"7":10,"8":1,"9":1,"10":0,"11":1,"12":1,"13":1,"14":1,"15":1,"16":1,"17":1,"18":1,"19":0,"20":0,"21":0,"22":0,"23":0,"24":0,"25":0,"26":1,"27":3,"28":3,"29":0,"30":0,"31":0,"32":0,"33":0,"34":0,"35":1,"36":0,"37":0,"38":0,"39":0,"40":0,"41":0,"42":0,"43":0,"44":1,"45":3,"46":3,"47":0,"48":0,"49":0,"50":0,"51":0,"52":1,"53":3,"54":3,"55":0,"56":0,"57":0,"58":0,"59":0,"60":1,"61":3,"62":3,"63":3,"64":3,"65":1,"66":3,"67":3,"68":3,"69":3,"70":0,"71":0,"72":3,"73":3,"74":3,"75":3,"76":3,"77":3,"78":3,"79":3,"80":1,"81":3,"82":3,"83":3,"84":3,"85":3,"86":3},"f":{"0":5,"1":10,"2":1,"3":0,"4":1,"5":1,"6":0,"7":0,"8":3,"9":3,"10":0,"11":0,"12":3,"13":3,"14":0,"15":3,"16":3,"17":0,"18":3,"19":3,"20":3,"21":3},"b":{"0":[3,7],"1":[0,0],"2":[0,0],"3":[0,0],"4":[0,0],"5":[0,3]},"_coverageSchema":"1a1c01bbd47fc00a2c39e90264f33305004495a9","hash":"da3168781ea00e0ac74e0b0f31f43e0cc3590dac"}
}
