TN:
SF:src\modules\interact.js
FN:4,(anonymous_0)
FN:11,(anonymous_1)
FN:12,(anonymous_2)
FN:12,(anonymous_3)
FN:31,(anonymous_4)
FN:34,(anonymous_5)
FNF:6
FNH:3
FNDA:3,(anonymous_0)
FNDA:0,(anonymous_1)
FNDA:0,(anonymous_2)
FNDA:0,(anonymous_3)
FNDA:2,(anonymous_4)
FNDA:8,(anonymous_5)
DA:4,1
DA:5,3
DA:6,3
DA:7,3
DA:8,3
DA:11,1
DA:12,0
DA:15,0
DA:16,0
DA:18,0
DA:21,0
DA:22,0
DA:23,0
DA:24,0
DA:27,0
DA:31,1
DA:32,2
DA:34,8
DA:35,2
DA:36,2
DA:37,2
LF:21
LH:12
BRDA:15,0,0,0
BRDA:15,0,1,0
BRDA:21,1,0,0
BRDA:21,1,1,0
BRDA:23,2,0,0
BRDA:23,2,1,0
BRF:6
BRH:0
end_of_record
TN:
SF:src\modules\task.js
FN:4,(anonymous_0)
FN:9,(anonymous_1)
FN:21,(anonymous_2)
FN:22,(anonymous_3)
FN:27,(anonymous_4)
FN:31,(anonymous_5)
FN:37,(anonymous_6)
FN:41,(anonymous_7)
FN:51,(anonymous_8)
FN:52,(anonymous_9)
FN:52,(anonymous_10)
FN:65,(anonymous_11)
FN:77,(anonymous_12)
FN:78,(anonymous_13)
FN:78,(anonymous_14)
FN:91,(anonymous_15)
FN:92,(anonymous_16)
FN:92,(anonymous_17)
FN:104,(anonymous_18)
FN:120,(anonymous_19)
FN:123,(anonymous_20)
FN:143,(anonymous_21)
FNF:22
FNH:18
FNDA:12,(anonymous_0)
FNDA:24,(anonymous_1)
FNDA:3,(anonymous_2)
FNDA:2,(anonymous_3)
FNDA:1,(anonymous_4)
FNDA:1,(anonymous_5)
FNDA:2,(anonymous_6)
FNDA:4,(anonymous_7)
FNDA:10,(anonymous_8)
FNDA:12,(anonymous_9)
FNDA:0,(anonymous_10)
FNDA:0,(anonymous_11)
FNDA:10,(anonymous_12)
FNDA:12,(anonymous_13)
FNDA:0,(anonymous_14)
FNDA:10,(anonymous_15)
FNDA:12,(anonymous_16)
FNDA:0,(anonymous_17)
FNDA:12,(anonymous_18)
FNDA:10,(anonymous_19)
FNDA:12,(anonymous_20)
FNDA:3,(anonymous_21)
DA:4,2
DA:5,12
DA:6,12
DA:9,2
DA:12,24
DA:13,3
DA:15,21
DA:18,24
DA:21,2
DA:22,3
DA:23,2
DA:27,2
DA:28,1
DA:29,1
DA:31,1
DA:33,1
DA:34,1
DA:37,2
DA:38,2
DA:39,2
DA:41,2
DA:42,4
DA:43,2
DA:47,2
DA:48,2
DA:51,2
DA:52,12
DA:53,0
DA:55,0
DA:56,0
DA:58,0
DA:60,0
DA:61,0
DA:65,2
DA:66,0
DA:67,0
DA:69,0
DA:70,0
DA:71,0
DA:72,0
DA:73,0
DA:74,0
DA:77,2
DA:78,12
DA:79,0
DA:81,0
DA:82,0
DA:84,0
DA:87,0
DA:91,2
DA:92,12
DA:93,0
DA:95,0
DA:96,0
DA:98,0
DA:100,0
DA:104,2
DA:105,12
DA:106,12
DA:107,12
DA:117,12
DA:120,2
DA:121,10
DA:122,10
DA:123,10
DA:126,12
DA:127,4
DA:128,4
DA:130,8
DA:131,8
DA:133,12
DA:135,10
DA:136,10
DA:137,10
DA:139,10
DA:140,10
DA:143,2
DA:144,3
DA:145,3
DA:146,3
DA:148,3
DA:149,3
DA:150,3
LF:83
LH:59
BRDA:12,0,0,3
BRDA:12,0,1,21
BRDA:42,1,0,2
BRDA:42,1,1,2
BRDA:55,2,0,0
BRDA:55,2,1,0
BRDA:81,3,0,0
BRDA:81,3,1,0
BRDA:95,4,0,0
BRDA:95,4,1,0
BRDA:126,5,0,4
BRDA:126,5,1,8
BRF:12
BRH:6
end_of_record
TN:
SF:src\modules\tasktodo.js
FN:2,(anonymous_0)
FNF:1
FNH:1
FNDA:3,(anonymous_0)
DA:3,3
DA:4,3
DA:5,3
LF:3
LH:3
BRDA:2,0,0,3
BRF:1
BRH:1
end_of_record
