TN:
SF:src\modules\sum.js
FN:1,add
FNF:1
FNH:1
FNDA:1,add
DA:2,1
LF:1
LH:1
BRF:0
BRH:0
end_of_record
TN:
SF:src\modules\task.js
FN:4,(anonymous_0)
FN:9,(anonymous_1)
FN:21,(anonymous_2)
FN:22,(anonymous_3)
FN:27,(anonymous_4)
FN:31,(anonymous_5)
FN:37,(anonymous_6)
FN:41,(anonymous_7)
FN:51,(anonymous_8)
FN:52,(anonymous_9)
FN:52,(anonymous_10)
FN:65,(anonymous_11)
FN:77,(anonymous_12)
FN:78,(anonymous_13)
FN:78,(anonymous_14)
FN:91,(anonymous_15)
FN:92,(anonymous_16)
FN:92,(anonymous_17)
FN:104,(anonymous_18)
FN:120,(anonymous_19)
FN:123,(anonymous_20)
FN:143,(anonymous_21)
FNF:22
FNH:15
FNDA:5,(anonymous_0)
FNDA:10,(anonymous_1)
FNDA:1,(anonymous_2)
FNDA:0,(anonymous_3)
FNDA:1,(anonymous_4)
FNDA:1,(anonymous_5)
FNDA:0,(anonymous_6)
FNDA:0,(anonymous_7)
FNDA:3,(anonymous_8)
FNDA:3,(anonymous_9)
FNDA:0,(anonymous_10)
FNDA:0,(anonymous_11)
FNDA:3,(anonymous_12)
FNDA:3,(anonymous_13)
FNDA:0,(anonymous_14)
FNDA:3,(anonymous_15)
FNDA:3,(anonymous_16)
FNDA:0,(anonymous_17)
FNDA:3,(anonymous_18)
FNDA:3,(anonymous_19)
FNDA:3,(anonymous_20)
FNDA:3,(anonymous_21)
DA:4,1
DA:5,5
DA:6,5
DA:9,1
DA:12,10
DA:13,3
DA:15,7
DA:18,10
DA:21,1
DA:22,1
DA:23,0
DA:27,1
DA:28,1
DA:29,1
DA:31,1
DA:33,1
DA:34,1
DA:37,1
DA:38,0
DA:39,0
DA:41,0
DA:42,0
DA:43,0
DA:47,0
DA:48,0
DA:51,1
DA:52,3
DA:53,0
DA:55,0
DA:56,0
DA:58,0
DA:60,0
DA:61,0
DA:65,1
DA:66,0
DA:67,0
DA:69,0
DA:70,0
DA:71,0
DA:72,0
DA:73,0
DA:74,0
DA:77,1
DA:78,3
DA:79,0
DA:81,0
DA:82,0
DA:84,0
DA:87,0
DA:91,1
DA:92,3
DA:93,0
DA:95,0
DA:96,0
DA:98,0
DA:100,0
DA:104,1
DA:105,3
DA:106,3
DA:107,3
DA:117,3
DA:120,1
DA:121,3
DA:122,3
DA:123,3
DA:126,3
DA:127,0
DA:128,0
DA:130,3
DA:131,3
DA:133,3
DA:135,3
DA:136,3
DA:137,3
DA:139,3
DA:140,3
DA:143,1
DA:144,3
DA:145,3
DA:146,3
DA:148,3
DA:149,3
DA:150,3
LF:83
LH:49
BRDA:12,0,0,3
BRDA:12,0,1,7
BRDA:42,1,0,0
BRDA:42,1,1,0
BRDA:55,2,0,0
BRDA:55,2,1,0
BRDA:81,3,0,0
BRDA:81,3,1,0
BRDA:95,4,0,0
BRDA:95,4,1,0
BRDA:126,5,0,0
BRDA:126,5,1,3
BRF:12
BRH:3
end_of_record
